-------------------------------------------------------------------------------
Test set: com.portafolioAgus.portafolio.PortafolioApplicationTests
-------------------------------------------------------------------------------
Tests run: 1, Failures: 0, Errors: 1, Skipped: 0, Time elapsed: 3.689 s <<< FAILURE! - in com.portafolioAgus.portafolio.PortafolioApplicationTests
contextLoads  Time elapsed: 0.002 s  <<< ERROR!
java.lang.IllegalStateException: Failed to load ApplicationContext
Caused by: org.springframework.beans.factory.UnsatisfiedDependencyException: Error creating bean with name 'mainSecurity': Unsatisfied dependency expressed through field 'implUserDetails'; nested exception is org.springframework.beans.factory.UnsatisfiedDependencyException: Error creating bean with name 'implUserDetails': Unsatisfied dependency expressed through field 'usuarioService'; nested exception is org.springframework.beans.factory.UnsatisfiedDependencyException: Error creating bean with name 'usuarioService': Unsatisfied dependency expressed through field 'implUsuarioRepositorio'; nested exception is org.springframework.beans.factory.BeanCreationException: Error creating bean with name 'implUsuarioRepositorio' defined in com.portafolioAgus.portafolio.security.repository.ImplUsuarioRepositorio defined in @EnableJpaRepositories declared on JpaRepositoriesRegistrar.EnableJpaRepositoriesConfiguration: Invocation of init method failed; nested exception is org.springframework.data.repository.query.QueryCreationException: Could not create query for public abstract boolean com.portafolioAgus.portafolio.security.repository.ImplUsuarioRepositorio.existByNombreUsuario(java.lang.String); Reason: Failed to create query for method public abstract boolean com.portafolioAgus.portafolio.security.repository.ImplUsuarioRepositorio.existByNombreUsuario(java.lang.String)! No property 'existByNombreUsuario' found for type 'Usuario'; nested exception is java.lang.IllegalArgumentException: Failed to create query for method public abstract boolean com.portafolioAgus.portafolio.security.repository.ImplUsuarioRepositorio.existByNombreUsuario(java.lang.String)! No property 'existByNombreUsuario' found for type 'Usuario'
Caused by: org.springframework.beans.factory.UnsatisfiedDependencyException: Error creating bean with name 'implUserDetails': Unsatisfied dependency expressed through field 'usuarioService'; nested exception is org.springframework.beans.factory.UnsatisfiedDependencyException: Error creating bean with name 'usuarioService': Unsatisfied dependency expressed through field 'implUsuarioRepositorio'; nested exception is org.springframework.beans.factory.BeanCreationException: Error creating bean with name 'implUsuarioRepositorio' defined in com.portafolioAgus.portafolio.security.repository.ImplUsuarioRepositorio defined in @EnableJpaRepositories declared on JpaRepositoriesRegistrar.EnableJpaRepositoriesConfiguration: Invocation of init method failed; nested exception is org.springframework.data.repository.query.QueryCreationException: Could not create query for public abstract boolean com.portafolioAgus.portafolio.security.repository.ImplUsuarioRepositorio.existByNombreUsuario(java.lang.String); Reason: Failed to create query for method public abstract boolean com.portafolioAgus.portafolio.security.repository.ImplUsuarioRepositorio.existByNombreUsuario(java.lang.String)! No property 'existByNombreUsuario' found for type 'Usuario'; nested exception is java.lang.IllegalArgumentException: Failed to create query for method public abstract boolean com.portafolioAgus.portafolio.security.repository.ImplUsuarioRepositorio.existByNombreUsuario(java.lang.String)! No property 'existByNombreUsuario' found for type 'Usuario'
Caused by: org.springframework.beans.factory.UnsatisfiedDependencyException: Error creating bean with name 'usuarioService': Unsatisfied dependency expressed through field 'implUsuarioRepositorio'; nested exception is org.springframework.beans.factory.BeanCreationException: Error creating bean with name 'implUsuarioRepositorio' defined in com.portafolioAgus.portafolio.security.repository.ImplUsuarioRepositorio defined in @EnableJpaRepositories declared on JpaRepositoriesRegistrar.EnableJpaRepositoriesConfiguration: Invocation of init method failed; nested exception is org.springframework.data.repository.query.QueryCreationException: Could not create query for public abstract boolean com.portafolioAgus.portafolio.security.repository.ImplUsuarioRepositorio.existByNombreUsuario(java.lang.String); Reason: Failed to create query for method public abstract boolean com.portafolioAgus.portafolio.security.repository.ImplUsuarioRepositorio.existByNombreUsuario(java.lang.String)! No property 'existByNombreUsuario' found for type 'Usuario'; nested exception is java.lang.IllegalArgumentException: Failed to create query for method public abstract boolean com.portafolioAgus.portafolio.security.repository.ImplUsuarioRepositorio.existByNombreUsuario(java.lang.String)! No property 'existByNombreUsuario' found for type 'Usuario'
Caused by: org.springframework.beans.factory.BeanCreationException: Error creating bean with name 'implUsuarioRepositorio' defined in com.portafolioAgus.portafolio.security.repository.ImplUsuarioRepositorio defined in @EnableJpaRepositories declared on JpaRepositoriesRegistrar.EnableJpaRepositoriesConfiguration: Invocation of init method failed; nested exception is org.springframework.data.repository.query.QueryCreationException: Could not create query for public abstract boolean com.portafolioAgus.portafolio.security.repository.ImplUsuarioRepositorio.existByNombreUsuario(java.lang.String); Reason: Failed to create query for method public abstract boolean com.portafolioAgus.portafolio.security.repository.ImplUsuarioRepositorio.existByNombreUsuario(java.lang.String)! No property 'existByNombreUsuario' found for type 'Usuario'; nested exception is java.lang.IllegalArgumentException: Failed to create query for method public abstract boolean com.portafolioAgus.portafolio.security.repository.ImplUsuarioRepositorio.existByNombreUsuario(java.lang.String)! No property 'existByNombreUsuario' found for type 'Usuario'
Caused by: org.springframework.data.repository.query.QueryCreationException: Could not create query for public abstract boolean com.portafolioAgus.portafolio.security.repository.ImplUsuarioRepositorio.existByNombreUsuario(java.lang.String); Reason: Failed to create query for method public abstract boolean com.portafolioAgus.portafolio.security.repository.ImplUsuarioRepositorio.existByNombreUsuario(java.lang.String)! No property 'existByNombreUsuario' found for type 'Usuario'; nested exception is java.lang.IllegalArgumentException: Failed to create query for method public abstract boolean com.portafolioAgus.portafolio.security.repository.ImplUsuarioRepositorio.existByNombreUsuario(java.lang.String)! No property 'existByNombreUsuario' found for type 'Usuario'
Caused by: java.lang.IllegalArgumentException: Failed to create query for method public abstract boolean com.portafolioAgus.portafolio.security.repository.ImplUsuarioRepositorio.existByNombreUsuario(java.lang.String)! No property 'existByNombreUsuario' found for type 'Usuario'
Caused by: org.springframework.data.mapping.PropertyReferenceException: No property 'existByNombreUsuario' found for type 'Usuario'

